<?xml version="1.0" encoding="UTF-8"?>
<testsuite xmlns:xsi="http://www.w3.org/2001/XMLSchema-instance" xsi:noNamespaceSchemaLocation="https://maven.apache.org/surefire/maven-surefire-plugin/xsd/surefire-test-report-3.0.xsd" version="3.0" name="TestSuite" time="0.468" tests="16" errors="0" skipped="14" failures="2">
  <properties>
    <property name="gopherProxySet" value="false"/>
    <property name="awt.toolkit" value="sun.lwawt.macosx.LWCToolkit"/>
    <property name="file.encoding.pkg" value="sun.io"/>
    <property name="java.specification.version" value="1.8"/>
    <property name="webdriver.chrome.driver" value="/Users/gorachz/eclipse-workspace/SpriteCloudToolsQATest/src/test/java/Utils/chromedriver.exe"/>
    <property name="sun.cpu.isalist" value=""/>
    <property name="sun.jnu.encoding" value="UTF-8"/>
    <property name="java.class.path" value="/Users/gorachz/eclipse-workspace/SpriteCloudToolsQATest/target/test-classes:/Users/gorachz/eclipse-workspace/SpriteCloudToolsQATest/target/classes:/Users/gorachz/.m2/repository/junit/junit/4.13.2/junit-4.13.2.jar:/Users/gorachz/.m2/repository/org/hamcrest/hamcrest-core/1.3/hamcrest-core-1.3.jar:/Users/gorachz/.m2/repository/org/fitnesse/fitnesse/20211006/fitnesse-20211006.jar:/Users/gorachz/.m2/repository/org/htmlparser/htmlparser/2.1/htmlparser-2.1.jar:/Users/gorachz/.m2/repository/org/htmlparser/htmllexer/2.1/htmllexer-2.1.jar:/Users/gorachz/.m2/repository/org/apache/velocity/velocity-engine-core/2.3/velocity-engine-core-2.3.jar:/Users/gorachz/.m2/repository/org/apache/commons/commons-lang3/3.12.0/commons-lang3-3.12.0.jar:/Users/gorachz/.m2/repository/org/slf4j/slf4j-api/1.7.25/slf4j-api-1.7.25.jar:/Users/gorachz/.m2/repository/org/slf4j/slf4j-jdk14/1.7.25/slf4j-jdk14-1.7.25.jar:/Users/gorachz/.m2/repository/org/json/json/20210307/json-20210307.jar:/Users/gorachz/.m2/repository/com/googlecode/java-diff-utils/diffutils/1.3.0/diffutils-1.3.0.jar:/Users/gorachz/.m2/repository/org/apache/commons/commons-text/1.9/commons-text-1.9.jar:/Users/gorachz/.m2/repository/org/seleniumhq/selenium/selenium-java/3.141.59/selenium-java-3.141.59.jar:/Users/gorachz/.m2/repository/org/seleniumhq/selenium/selenium-api/3.141.59/selenium-api-3.141.59.jar:/Users/gorachz/.m2/repository/org/seleniumhq/selenium/selenium-chrome-driver/3.141.59/selenium-chrome-driver-3.141.59.jar:/Users/gorachz/.m2/repository/org/seleniumhq/selenium/selenium-edge-driver/3.141.59/selenium-edge-driver-3.141.59.jar:/Users/gorachz/.m2/repository/org/seleniumhq/selenium/selenium-firefox-driver/3.141.59/selenium-firefox-driver-3.141.59.jar:/Users/gorachz/.m2/repository/org/seleniumhq/selenium/selenium-ie-driver/3.141.59/selenium-ie-driver-3.141.59.jar:/Users/gorachz/.m2/repository/org/seleniumhq/selenium/selenium-opera-driver/3.141.59/selenium-opera-driver-3.141.59.jar:/Users/gorachz/.m2/repository/org/seleniumhq/selenium/selenium-remote-driver/3.141.59/selenium-remote-driver-3.141.59.jar:/Users/gorachz/.m2/repository/org/seleniumhq/selenium/selenium-safari-driver/3.141.59/selenium-safari-driver-3.141.59.jar:/Users/gorachz/.m2/repository/org/seleniumhq/selenium/selenium-support/3.141.59/selenium-support-3.141.59.jar:/Users/gorachz/.m2/repository/net/bytebuddy/byte-buddy/1.8.15/byte-buddy-1.8.15.jar:/Users/gorachz/.m2/repository/org/apache/commons/commons-exec/1.3/commons-exec-1.3.jar:/Users/gorachz/.m2/repository/com/google/guava/guava/25.0-jre/guava-25.0-jre.jar:/Users/gorachz/.m2/repository/com/google/code/findbugs/jsr305/1.3.9/jsr305-1.3.9.jar:/Users/gorachz/.m2/repository/org/checkerframework/checker-compat-qual/2.0.0/checker-compat-qual-2.0.0.jar:/Users/gorachz/.m2/repository/com/google/errorprone/error_prone_annotations/2.1.3/error_prone_annotations-2.1.3.jar:/Users/gorachz/.m2/repository/com/google/j2objc/j2objc-annotations/1.1/j2objc-annotations-1.1.jar:/Users/gorachz/.m2/repository/org/codehaus/mojo/animal-sniffer-annotations/1.14/animal-sniffer-annotations-1.14.jar:/Users/gorachz/.m2/repository/com/squareup/okhttp3/okhttp/3.11.0/okhttp-3.11.0.jar:/Users/gorachz/.m2/repository/com/squareup/okio/okio/1.14.0/okio-1.14.0.jar:/Users/gorachz/.m2/repository/org/testng/testng/7.4.0/testng-7.4.0.jar:/Users/gorachz/.m2/repository/com/beust/jcommander/1.78/jcommander-1.78.jar:/Users/gorachz/.m2/repository/org/webjars/jquery/3.5.1/jquery-3.5.1.jar:/Users/gorachz/.m2/repository/commons-io/commons-io/2.8.0/commons-io-2.8.0.jar:/Users/gorachz/.m2/repository/com/aventstack/extentreports/4.0.5/extentreports-4.0.5.jar:/Users/gorachz/.m2/repository/org/freemarker/freemarker/2.3.23/freemarker-2.3.23.jar:/Users/gorachz/.m2/repository/org/mongodb/mongodb-driver/3.3.0/mongodb-driver-3.3.0.jar:/Users/gorachz/.m2/repository/org/mongodb/mongodb-driver-core/3.3.0/mongodb-driver-core-3.3.0.jar:/Users/gorachz/.m2/repository/org/mongodb/bson/3.3.0/bson-3.3.0.jar:/Users/gorachz/.m2/repository/org/apache/httpcomponents/httpclient/4.5.2/httpclient-4.5.2.jar:/Users/gorachz/.m2/repository/org/apache/httpcomponents/httpcore/4.4.4/httpcore-4.4.4.jar:/Users/gorachz/.m2/repository/commons-logging/commons-logging/1.2/commons-logging-1.2.jar:/Users/gorachz/.m2/repository/commons-codec/commons-codec/1.9/commons-codec-1.9.jar:/Users/gorachz/.m2/repository/org/apache/httpcomponents/httpmime/4.5.2/httpmime-4.5.2.jar:/Users/gorachz/.m2/repository/com/google/code/gson/gson/2.8.5/gson-2.8.5.jar:"/>
    <property name="java.vm.vendor" value="Amazon.com Inc."/>
    <property name="sun.arch.data.model" value="64"/>
    <property name="java.vendor.url" value="https://aws.amazon.com/corretto/"/>
    <property name="user.timezone" value="Europe/Madrid"/>
    <property name="java.vm.specification.version" value="1.8"/>
    <property name="os.name" value="Mac OS X"/>
    <property name="user.country" value="US"/>
    <property name="sun.java.launcher" value="SUN_STANDARD"/>
    <property name="sun.boot.library.path" value="/Library/Java/JavaVirtualMachines/amazon-corretto-8.jdk/Contents/Home/jre/lib"/>
    <property name="sun.java.command" value="/Users/gorachz/eclipse-workspace/SpriteCloudToolsQATest/target/surefire/surefirebooter3423203265500599964.jar /Users/gorachz/eclipse-workspace/SpriteCloudToolsQATest/target/surefire 2021-12-12T20-52-07_652-jvmRun1 surefire2005050212543475610tmp surefire_06250902366325489324tmp"/>
    <property name="surefire.test.class.path" value="/Users/gorachz/eclipse-workspace/SpriteCloudToolsQATest/target/test-classes:/Users/gorachz/eclipse-workspace/SpriteCloudToolsQATest/target/classes:/Users/gorachz/.m2/repository/junit/junit/4.13.2/junit-4.13.2.jar:/Users/gorachz/.m2/repository/org/hamcrest/hamcrest-core/1.3/hamcrest-core-1.3.jar:/Users/gorachz/.m2/repository/org/fitnesse/fitnesse/20211006/fitnesse-20211006.jar:/Users/gorachz/.m2/repository/org/htmlparser/htmlparser/2.1/htmlparser-2.1.jar:/Users/gorachz/.m2/repository/org/htmlparser/htmllexer/2.1/htmllexer-2.1.jar:/Users/gorachz/.m2/repository/org/apache/velocity/velocity-engine-core/2.3/velocity-engine-core-2.3.jar:/Users/gorachz/.m2/repository/org/apache/commons/commons-lang3/3.12.0/commons-lang3-3.12.0.jar:/Users/gorachz/.m2/repository/org/slf4j/slf4j-api/1.7.25/slf4j-api-1.7.25.jar:/Users/gorachz/.m2/repository/org/slf4j/slf4j-jdk14/1.7.25/slf4j-jdk14-1.7.25.jar:/Users/gorachz/.m2/repository/org/json/json/20210307/json-20210307.jar:/Users/gorachz/.m2/repository/com/googlecode/java-diff-utils/diffutils/1.3.0/diffutils-1.3.0.jar:/Users/gorachz/.m2/repository/org/apache/commons/commons-text/1.9/commons-text-1.9.jar:/Users/gorachz/.m2/repository/org/seleniumhq/selenium/selenium-java/3.141.59/selenium-java-3.141.59.jar:/Users/gorachz/.m2/repository/org/seleniumhq/selenium/selenium-api/3.141.59/selenium-api-3.141.59.jar:/Users/gorachz/.m2/repository/org/seleniumhq/selenium/selenium-chrome-driver/3.141.59/selenium-chrome-driver-3.141.59.jar:/Users/gorachz/.m2/repository/org/seleniumhq/selenium/selenium-edge-driver/3.141.59/selenium-edge-driver-3.141.59.jar:/Users/gorachz/.m2/repository/org/seleniumhq/selenium/selenium-firefox-driver/3.141.59/selenium-firefox-driver-3.141.59.jar:/Users/gorachz/.m2/repository/org/seleniumhq/selenium/selenium-ie-driver/3.141.59/selenium-ie-driver-3.141.59.jar:/Users/gorachz/.m2/repository/org/seleniumhq/selenium/selenium-opera-driver/3.141.59/selenium-opera-driver-3.141.59.jar:/Users/gorachz/.m2/repository/org/seleniumhq/selenium/selenium-remote-driver/3.141.59/selenium-remote-driver-3.141.59.jar:/Users/gorachz/.m2/repository/org/seleniumhq/selenium/selenium-safari-driver/3.141.59/selenium-safari-driver-3.141.59.jar:/Users/gorachz/.m2/repository/org/seleniumhq/selenium/selenium-support/3.141.59/selenium-support-3.141.59.jar:/Users/gorachz/.m2/repository/net/bytebuddy/byte-buddy/1.8.15/byte-buddy-1.8.15.jar:/Users/gorachz/.m2/repository/org/apache/commons/commons-exec/1.3/commons-exec-1.3.jar:/Users/gorachz/.m2/repository/com/google/guava/guava/25.0-jre/guava-25.0-jre.jar:/Users/gorachz/.m2/repository/com/google/code/findbugs/jsr305/1.3.9/jsr305-1.3.9.jar:/Users/gorachz/.m2/repository/org/checkerframework/checker-compat-qual/2.0.0/checker-compat-qual-2.0.0.jar:/Users/gorachz/.m2/repository/com/google/errorprone/error_prone_annotations/2.1.3/error_prone_annotations-2.1.3.jar:/Users/gorachz/.m2/repository/com/google/j2objc/j2objc-annotations/1.1/j2objc-annotations-1.1.jar:/Users/gorachz/.m2/repository/org/codehaus/mojo/animal-sniffer-annotations/1.14/animal-sniffer-annotations-1.14.jar:/Users/gorachz/.m2/repository/com/squareup/okhttp3/okhttp/3.11.0/okhttp-3.11.0.jar:/Users/gorachz/.m2/repository/com/squareup/okio/okio/1.14.0/okio-1.14.0.jar:/Users/gorachz/.m2/repository/org/testng/testng/7.4.0/testng-7.4.0.jar:/Users/gorachz/.m2/repository/com/beust/jcommander/1.78/jcommander-1.78.jar:/Users/gorachz/.m2/repository/org/webjars/jquery/3.5.1/jquery-3.5.1.jar:/Users/gorachz/.m2/repository/commons-io/commons-io/2.8.0/commons-io-2.8.0.jar:/Users/gorachz/.m2/repository/com/aventstack/extentreports/4.0.5/extentreports-4.0.5.jar:/Users/gorachz/.m2/repository/org/freemarker/freemarker/2.3.23/freemarker-2.3.23.jar:/Users/gorachz/.m2/repository/org/mongodb/mongodb-driver/3.3.0/mongodb-driver-3.3.0.jar:/Users/gorachz/.m2/repository/org/mongodb/mongodb-driver-core/3.3.0/mongodb-driver-core-3.3.0.jar:/Users/gorachz/.m2/repository/org/mongodb/bson/3.3.0/bson-3.3.0.jar:/Users/gorachz/.m2/repository/org/apache/httpcomponents/httpclient/4.5.2/httpclient-4.5.2.jar:/Users/gorachz/.m2/repository/org/apache/httpcomponents/httpcore/4.4.4/httpcore-4.4.4.jar:/Users/gorachz/.m2/repository/commons-logging/commons-logging/1.2/commons-logging-1.2.jar:/Users/gorachz/.m2/repository/commons-codec/commons-codec/1.9/commons-codec-1.9.jar:/Users/gorachz/.m2/repository/org/apache/httpcomponents/httpmime/4.5.2/httpmime-4.5.2.jar:/Users/gorachz/.m2/repository/com/google/code/gson/gson/2.8.5/gson-2.8.5.jar:"/>
    <property name="sun.cpu.endian" value="little"/>
    <property name="user.home" value="/Users/gorachz"/>
    <property name="user.language" value="en"/>
    <property name="java.specification.vendor" value="Oracle Corporation"/>
    <property name="java.home" value="/Library/Java/JavaVirtualMachines/amazon-corretto-8.jdk/Contents/Home/jre"/>
    <property name="basedir" value="/Users/gorachz/eclipse-workspace/SpriteCloudToolsQATest"/>
    <property name="file.separator" value="/"/>
    <property name="line.separator" value="&#10;"/>
    <property name="java.vm.specification.vendor" value="Oracle Corporation"/>
    <property name="java.specification.name" value="Java Platform API Specification"/>
    <property name="java.awt.graphicsenv" value="sun.awt.CGraphicsEnvironment"/>
    <property name="surefire.real.class.path" value="/Users/gorachz/eclipse-workspace/SpriteCloudToolsQATest/target/surefire/surefirebooter3423203265500599964.jar"/>
    <property name="sun.boot.class.path" value="/Library/Java/JavaVirtualMachines/amazon-corretto-8.jdk/Contents/Home/jre/lib/resources.jar:/Library/Java/JavaVirtualMachines/amazon-corretto-8.jdk/Contents/Home/jre/lib/rt.jar:/Library/Java/JavaVirtualMachines/amazon-corretto-8.jdk/Contents/Home/jre/lib/sunrsasign.jar:/Library/Java/JavaVirtualMachines/amazon-corretto-8.jdk/Contents/Home/jre/lib/jsse.jar:/Library/Java/JavaVirtualMachines/amazon-corretto-8.jdk/Contents/Home/jre/lib/jce.jar:/Library/Java/JavaVirtualMachines/amazon-corretto-8.jdk/Contents/Home/jre/lib/charsets.jar:/Library/Java/JavaVirtualMachines/amazon-corretto-8.jdk/Contents/Home/jre/lib/jfr.jar:/Library/Java/JavaVirtualMachines/amazon-corretto-8.jdk/Contents/Home/jre/classes"/>
    <property name="sun.management.compiler" value="HotSpot 64-Bit Tiered Compilers"/>
    <property name="java.runtime.version" value="1.8.0_312-b07"/>
    <property name="user.name" value="gorachz"/>
    <property name="path.separator" value=":"/>
    <property name="os.version" value="11.6.1"/>
    <property name="java.endorsed.dirs" value="/Library/Java/JavaVirtualMachines/amazon-corretto-8.jdk/Contents/Home/jre/lib/endorsed"/>
    <property name="java.runtime.name" value="OpenJDK Runtime Environment"/>
    <property name="file.encoding" value="UTF-8"/>
    <property name="java.vm.name" value="OpenJDK 64-Bit Server VM"/>
    <property name="localRepository" value="/Users/gorachz/.m2/repository"/>
    <property name="java.vendor.url.bug" value="https://github.com/corretto/corretto-8/issues/"/>
    <property name="java.io.tmpdir" value="/var/folders/j2/j37l7hqs1pn8x0dljbnk26gh4_4cyc/T/"/>
    <property name="java.version" value="1.8.0_312"/>
    <property name="user.dir" value="/Users/gorachz/eclipse-workspace/SpriteCloudToolsQATest"/>
    <property name="os.arch" value="x86_64"/>
    <property name="java.vm.specification.name" value="Java Virtual Machine Specification"/>
    <property name="java.awt.printerjob" value="sun.lwawt.macosx.CPrinterJob"/>
    <property name="sun.os.patch.level" value="unknown"/>
    <property name="java.library.path" value="/Users/gorachz/Library/Java/Extensions:/Library/Java/Extensions:/Network/Library/Java/Extensions:/System/Library/Java/Extensions:/usr/lib/java:."/>
    <property name="java.vm.info" value="mixed mode"/>
    <property name="java.vendor" value="Amazon.com Inc."/>
    <property name="java.vm.version" value="25.312-b07"/>
    <property name="java.ext.dirs" value="/Users/gorachz/Library/Java/Extensions:/Library/Java/JavaVirtualMachines/amazon-corretto-8.jdk/Contents/Home/jre/lib/ext:/Library/Java/Extensions:/Network/Library/Java/Extensions:/System/Library/Java/Extensions:/usr/lib/java"/>
    <property name="sun.io.unicode.encoding" value="UnicodeBig"/>
    <property name="java.class.version" value="52.0"/>
  </properties>
  <testcase name="setUpDriver" classname="allianzUITests.TestToolsQAUI" time="0.369">
    <failure message="The driver is not executable: /Users/gorachz/eclipse-workspace/SpriteCloudToolsQATest/src/test/java/Utils/chromedriver.exe" type="java.lang.IllegalStateException"><![CDATA[java.lang.IllegalStateException: The driver is not executable: /Users/gorachz/eclipse-workspace/SpriteCloudToolsQATest/src/test/java/Utils/chromedriver.exe
]]></failure>
    <system-out><![CDATA[[Configuration] [WARN] Detected a static method [base.BaseTestSetup.before()]. Static configuration methods can cause  unexpected behavior.
[Configuration] [WARN] Detected a static method [base.BaseTestSetup.before()]. Static configuration methods can cause  unexpected behavior.
]]></system-out>
  </testcase>
  <testcase name="setUpDriver" classname="allianzUITests.TestToolsQAUI" time="0">
    <skipped/>
  </testcase>
  <testcase name="beforeMethod" classname="allianzUITests.TestToolsQAUI" time="0">
    <skipped/>
  </testcase>
  <testcase name="beforeMethod" classname="allianzUITests.TestToolsQAUI" time="0">
    <skipped/>
  </testcase>
  <testcase name="setUpBrowser" classname="allianzUITests.TestToolsQAUI" time="0">
    <skipped/>
  </testcase>
  <testcase name="setUpBrowser" classname="allianzUITests.TestToolsQAUI" time="0">
    <skipped/>
  </testcase>
  <testcase name="testSearchTutorials" classname="allianzUITests.TestToolsQAUI" time="0">
    <skipped message="The driver is not executable: /Users/gorachz/eclipse-workspace/SpriteCloudToolsQATest/src/test/java/Utils/chromedriver.exe"/>
  </testcase>
  <testcase name="getTestResultInExtentReport" classname="allianzUITests.TestToolsQAUI" time="0">
    <skipped/>
  </testcase>
  <testcase name="getTestResultInExtentReport" classname="allianzUITests.TestToolsQAUI" time="0">
    <skipped/>
  </testcase>
  <testcase name="before" classname="allianzUITests.TestToolsQAUI" time="0">
    <skipped/>
  </testcase>
  <testcase name="testTutorialsTabMenu" classname="allianzUITests.TestToolsQAUI" time="0">
    <skipped message="The driver is not executable: /Users/gorachz/eclipse-workspace/SpriteCloudToolsQATest/src/test/java/Utils/chromedriver.exe"/>
  </testcase>
  <testcase name="setUpDriver" classname="allianzUITests.TestDemoQAUI" time="0.004">
    <failure message="The driver is not executable: /Users/gorachz/eclipse-workspace/SpriteCloudToolsQATest/src/test/java/Utils/chromedriver.exe" type="java.lang.IllegalStateException"><![CDATA[java.lang.IllegalStateException: The driver is not executable: /Users/gorachz/eclipse-workspace/SpriteCloudToolsQATest/src/test/java/Utils/chromedriver.exe
]]></failure>
  </testcase>
  <testcase name="beforeMethod" classname="allianzUITests.TestDemoQAUI" time="0">
    <skipped/>
  </testcase>
  <testcase name="setUpBrowser" classname="allianzUITests.TestDemoQAUI" time="0">
    <skipped/>
  </testcase>
  <testcase name="testRegistrationFormIsPresent" classname="allianzUITests.TestDemoQAUI" time="0">
    <skipped message="The driver is not executable: /Users/gorachz/eclipse-workspace/SpriteCloudToolsQATest/src/test/java/Utils/chromedriver.exe"/>
  </testcase>
  <testcase name="getTestResultInExtentReport" classname="allianzUITests.TestDemoQAUI" time="0">
    <skipped/>
  </testcase>
</testsuite>